# JRE version: OpenJDK Runtime Environment (8.0_172-b11) (build 1.8.0_172-b11)
# Java VM: OpenJDK 64-Bit Server VM (25.172-b11 mixed mode linux-amd64 compressed oops)
Heap:
 PSYoungGen      total 268800K, used 6062K [0x000000076c600000, 0x000000077d700000, 0x00000007c0000000)
  eden space 258048K, 2% used [0x000000076c600000,0x000000076cbebb90,0x000000077c200000)
  from space 10752K, 0% used [0x000000077cc80000,0x000000077cc80000,0x000000077d700000)
  to   space 10752K, 0% used [0x000000077c200000,0x000000077c200000,0x000000077cc80000)
 ParOldGen       total 115200K, used 14207K [0x00000006c5200000, 0x00000006cc280000, 0x000000076c600000)
  object space 115200K, 12% used [0x00000006c5200000,0x00000006c5fdfda0,0x00000006cc280000)
 Metaspace       used 20843K, capacity 21448K, committed 21680K, reserved 1069056K
  class space    used 2269K, capacity 2480K, committed 2560K, reserved 1048576K
GC Heap History (10 events):
Event: 0.622 GC heap before
{Heap before GC invocations=1 (full 0):
 PSYoungGen      total 75264K, used 64512K [0x000000076c600000, 0x0000000771a00000, 0x00000007c0000000)
  eden space 64512K, 100% used [0x000000076c600000,0x0000000770500000,0x0000000770500000)
  from space 10752K, 0% used [0x0000000770f80000,0x0000000770f80000,0x0000000771a00000)
  to   space 10752K, 0% used [0x0000000770500000,0x0000000770500000,0x0000000770f80000)
 ParOldGen       total 172032K, used 0K [0x00000006c5200000, 0x00000006cfa00000, 0x000000076c600000)
  object space 172032K, 0% used [0x00000006c5200000,0x00000006c5200000,0x00000006cfa00000)
 Metaspace       used 12327K, capacity 12552K, committed 12928K, reserved 1060864K
  class space    used 1450K, capacity 1540K, committed 1664K, reserved 1048576K
Event: 0.630 GC heap after
Heap after GC invocations=1 (full 0):
 PSYoungGen      total 75264K, used 10511K [0x000000076c600000, 0x0000000775900000, 0x00000007c0000000)
  eden space 64512K, 0% used [0x000000076c600000,0x000000076c600000,0x0000000770500000)
  from space 10752K, 97% used [0x0000000770500000,0x0000000770f43d20,0x0000000770f80000)
  to   space 10752K, 0% used [0x0000000774e80000,0x0000000774e80000,0x0000000775900000)
 ParOldGen       total 172032K, used 16K [0x00000006c5200000, 0x00000006cfa00000, 0x000000076c600000)
  object space 172032K, 0% used [0x00000006c5200000,0x00000006c5204000,0x00000006cfa00000)
 Metaspace       used 12327K, capacity 12552K, committed 12928K, reserved 1060864K
  class space    used 1450K, capacity 1540K, committed 1664K, reserved 1048576K
}
Event: 1.152 GC heap before
{Heap before GC invocations=2 (full 0):
 PSYoungGen      total 75264K, used 75023K [0x000000076c600000, 0x0000000775900000, 0x00000007c0000000)
  eden space 64512K, 100% used [0x000000076c600000,0x0000000770500000,0x0000000770500000)
  from space 10752K, 97% used [0x0000000770500000,0x0000000770f43d20,0x0000000770f80000)
  to   space 10752K, 0% used [0x0000000774e80000,0x0000000774e80000,0x0000000775900000)
 ParOldGen       total 172032K, used 16K [0x00000006c5200000, 0x00000006cfa00000, 0x000000076c600000)
  object space 172032K, 0% used [0x00000006c5200000,0x00000006c5204000,0x00000006cfa00000)
 Metaspace       used 15892K, capacity 16168K, committed 16384K, reserved 1062912K
  class space    used 1818K, capacity 1940K, committed 2048K, reserved 1048576K
Event: 1.159 GC heap after
Heap after GC invocations=2 (full 0):
 PSYoungGen      total 139776K, used 9952K [0x000000076c600000, 0x0000000775900000, 0x00000007c0000000)
  eden space 129024K, 0% used [0x000000076c600000,0x000000076c600000,0x0000000774400000)
  from space 10752K, 92% used [0x0000000774e80000,0x0000000775838340,0x0000000775900000)
  to   space 10752K, 0% used [0x0000000774400000,0x0000000774400000,0x0000000774e80000)
 ParOldGen       total 172032K, used 24K [0x00000006c5200000, 0x00000006cfa00000, 0x000000076c600000)
  object space 172032K, 0% used [0x00000006c5200000,0x00000006c5206000,0x00000006cfa00000)
 Metaspace       used 15892K, capacity 16168K, committed 16384K, reserved 1062912K
  class space    used 1818K, capacity 1940K, committed 2048K, reserved 1048576K
}
Event: 1.744 GC heap before
{Heap before GC invocations=3 (full 0):
 PSYoungGen      total 139776K, used 138976K [0x000000076c600000, 0x0000000775900000, 0x00000007c0000000)
  eden space 129024K, 100% used [0x000000076c600000,0x0000000774400000,0x0000000774400000)
  from space 10752K, 92% used [0x0000000774e80000,0x0000000775838340,0x0000000775900000)
  to   space 10752K, 0% used [0x0000000774400000,0x0000000774400000,0x0000000774e80000)
 ParOldGen       total 172032K, used 24K [0x00000006c5200000, 0x00000006cfa00000, 0x000000076c600000)
  object space 172032K, 0% used [0x00000006c5200000,0x00000006c5206000,0x00000006cfa00000)
 Metaspace       used 18652K, capacity 19064K, committed 19200K, reserved 1067008K
  class space    used 2063K, capacity 2199K, committed 2304K, reserved 1048576K
Event: 1.759 GC heap after
Heap after GC invocations=3 (full 0):
 PSYoungGen      total 139776K, used 10751K [0x000000076c600000, 0x000000077d700000, 0x00000007c0000000)
  eden space 129024K, 0% used [0x000000076c600000,0x000000076c600000,0x0000000774400000)
  from space 10752K, 99% used [0x0000000774400000,0x0000000774e7fcd0,0x0000000774e80000)
  to   space 10752K, 0% used [0x000000077cc80000,0x000000077cc80000,0x000000077d700000)
 ParOldGen       total 172032K, used 6005K [0x00000006c5200000, 0x00000006cfa00000, 0x000000076c600000)
  object space 172032K, 3% used [0x00000006c5200000,0x00000006c57dd6e0,0x00000006cfa00000)
 Metaspace       used 18652K, capacity 19064K, committed 19200K, reserved 1067008K
  class space    used 2063K, capacity 2199K, committed 2304K, reserved 1048576K
}
Event: 1.995 GC heap before
{Heap before GC invocations=4 (full 0):
 PSYoungGen      total 139776K, used 50532K [0x000000076c600000, 0x000000077d700000, 0x00000007c0000000)
  eden space 129024K, 30% used [0x000000076c600000,0x000000076ecd95b0,0x0000000774400000)
  from space 10752K, 99% used [0x0000000774400000,0x0000000774e7fcd0,0x0000000774e80000)
  to   space 10752K, 0% used [0x000000077cc80000,0x000000077cc80000,0x000000077d700000)
 ParOldGen       total 172032K, used 6005K [0x00000006c5200000, 0x00000006cfa00000, 0x000000076c600000)
  object space 172032K, 3% used [0x00000006c5200000,0x00000006c57dd6e0,0x00000006cfa00000)
 Metaspace       used 20632K, capacity 21174K, committed 21296K, reserved 1069056K
  class space    used 2238K, capacity 2427K, committed 2432K, reserved 1048576K
Event: 2.007 GC heap after
Heap after GC invocations=4 (full 0):
 PSYoungGen      total 268800K, used 10725K [0x000000076c600000, 0x000000077d700000, 0x00000007c0000000)
  eden space 258048K, 0% used [0x000000076c600000,0x000000076c600000,0x000000077c200000)
  from space 10752K, 99% used [0x000000077cc80000,0x000000077d6f95b0,0x000000077d700000)
  to   space 10752K, 0% used [0x000000077c200000,0x000000077c200000,0x000000077cc80000)
 ParOldGen       total 172032K, used 7996K [0x00000006c5200000, 0x00000006cfa00000, 0x000000076c600000)
  object space 172032K, 4% used [0x00000006c5200000,0x00000006c59cf318,0x00000006cfa00000)
 Metaspace       used 20632K, capacity 21174K, committed 21296K, reserved 1069056K
  class space    used 2238K, capacity 2427K, committed 2432K, reserved 1048576K
}
Event: 2.007 GC heap before
{Heap before GC invocations=5 (full 1):
 PSYoungGen      total 268800K, used 10725K [0x000000076c600000, 0x000000077d700000, 0x00000007c0000000)
  eden space 258048K, 0% used [0x000000076c600000,0x000000076c600000,0x000000077c200000)
  from space 10752K, 99% used [0x000000077cc80000,0x000000077d6f95b0,0x000000077d700000)
  to   space 10752K, 0% used [0x000000077c200000,0x000000077c200000,0x000000077cc80000)
 ParOldGen       total 172032K, used 7996K [0x00000006c5200000, 0x00000006cfa00000, 0x000000076c600000)
  object space 172032K, 4% used [0x00000006c5200000,0x00000006c59cf318,0x00000006cfa00000)
 Metaspace       used 20632K, capacity 21174K, committed 21296K, reserved 1069056K
  class space    used 2238K, capacity 2427K, committed 2432K, reserved 1048576K
Event: 2.050 GC heap after
Heap after GC invocations=5 (full 1):
 PSYoungGen      total 268800K, used 0K [0x000000076c600000, 0x000000077d700000, 0x00000007c0000000)
  eden space 258048K, 0% used [0x000000076c600000,0x000000076c600000,0x000000077c200000)
  from space 10752K, 0% used [0x000000077cc80000,0x000000077cc80000,0x000000077d700000)
  to   space 10752K, 0% used [0x000000077c200000,0x000000077c200000,0x000000077cc80000)
 ParOldGen       total 115200K, used 14207K [0x00000006c5200000, 0x00000006cc280000, 0x000000076c600000)
  object space 115200K, 12% used [0x00000006c5200000,0x00000006c5fdfda0,0x00000006cc280000)
 Metaspace       used 20632K, capacity 21174K, committed 21296K, reserved 1069056K
  class space    used 2238K, capacity 2427K, committed 2432K, reserved 1048576K
}

